Using pre-set license
Built from '2023.2/staging' branch; Version is '2023.2.13f1 (70197a359f36) revision 7346554'; Using compiler version '193431935'; Build Type 'Release'
OS: 'Windows 11  (10.0.22631) 64bit Core' Language: 'en' Physical Memory: 16227 MB
BatchMode: 1, IsHumanControllingUs: 0, StartBugReporterOnCrash: 0, Is64bit: 1, IsPro: 1

COMMAND LINE ARGUMENTS:
C:\Program Files\Unity\Hub\Editor\2023.2.13f1\Editor\Unity.exe
-adb2
-batchMode
-noUpm
-name
AssetImportWorker2
-projectPath
C:/Users/Yanna/Documents/GitHub/MirrorMode/FireEmblemEnvironment
-logFile
Logs/AssetImportWorker2.log
-srvPort
57353
-job-worker-count
9
-background-job-worker-count
8
-asset-garbage-collectors
1
Successfully changed project path to: C:/Users/Yanna/Documents/GitHub/MirrorMode/FireEmblemEnvironment
C:/Users/Yanna/Documents/GitHub/MirrorMode/FireEmblemEnvironment
[UnityMemory] Configuration Parameters - Can be set up in boot.config
    "memorysetup-bucket-allocator-granularity=16"
    "memorysetup-bucket-allocator-bucket-count=8"
    "memorysetup-bucket-allocator-block-size=33554432"
    "memorysetup-bucket-allocator-block-count=8"
    "memorysetup-main-allocator-block-size=16777216"
    "memorysetup-thread-allocator-block-size=16777216"
    "memorysetup-gfx-main-allocator-block-size=16777216"
    "memorysetup-gfx-thread-allocator-block-size=16777216"
    "memorysetup-cache-allocator-block-size=4194304"
    "memorysetup-typetree-allocator-block-size=2097152"
    "memorysetup-profiler-bucket-allocator-granularity=16"
    "memorysetup-profiler-bucket-allocator-bucket-count=8"
    "memorysetup-profiler-bucket-allocator-block-size=33554432"
    "memorysetup-profiler-bucket-allocator-block-count=8"
    "memorysetup-profiler-allocator-block-size=16777216"
    "memorysetup-profiler-editor-allocator-block-size=1048576"
    "memorysetup-temp-allocator-size-main=16777216"
    "memorysetup-job-temp-allocator-block-size=2097152"
    "memorysetup-job-temp-allocator-block-size-background=1048576"
    "memorysetup-job-temp-allocator-reduction-small-platforms=262144"
    "memorysetup-allocator-temp-initial-block-size-main=262144"
    "memorysetup-allocator-temp-initial-block-size-worker=262144"
    "memorysetup-temp-allocator-size-background-worker=32768"
    "memorysetup-temp-allocator-size-job-worker=262144"
    "memorysetup-temp-allocator-size-preload-manager=33554432"
    "memorysetup-temp-allocator-size-nav-mesh-worker=65536"
    "memorysetup-temp-allocator-size-audio-worker=65536"
    "memorysetup-temp-allocator-size-cloud-worker=32768"
    "memorysetup-temp-allocator-size-gi-baking-worker=262144"
    "memorysetup-temp-allocator-size-gi-baking-worker=262144"
    "memorysetup-temp-allocator-size-gi-baking-worker=262144"
    "memorysetup-temp-allocator-size-gi-baking-worker=262144"
    "memorysetup-temp-allocator-size-gfx=262144"
Player connection [30228] Host "[IP] 192.168.1.122 [Port] 0 [Flags] 2 [Guid] 2278490661 [EditorId] 2278490661 [Version] 1048832 [Id] WindowsEditor(7,PCtje) [Debug] 1 [PackageName] WindowsEditor [ProjectName] Editor" joined multi-casting on [225.0.0.222:54997]...
Player connection [30228] Host "[IP] 192.168.1.122 [Port] 0 [Flags] 2 [Guid] 2278490661 [EditorId] 2278490661 [Version] 1048832 [Id] WindowsEditor(7,PCtje) [Debug] 1 [PackageName] WindowsEditor [ProjectName] Editor" joined alternative multi-casting on [225.0.0.222:34997]...
JobSystem: Creating JobQueue using job-worker-count value 9
[Physics::Module] Initialized MultithreadedJobDispatcher with 9 workers.
Library Redirect Path: Library/
Refreshing native plugins compatible for Editor in 2.05 ms, found 5 plugins.
Preloading 0 native plugins for Editor in 0.00 ms.
Initialize engine version: 2023.2.13f1 (70197a359f36)
[Subsystems] Discovering subsystems at path C:/Program Files/Unity/Hub/Editor/2023.2.13f1/Editor/Data/Resources/UnitySubsystems
[Subsystems] Discovering subsystems at path C:/Users/Yanna/Documents/GitHub/MirrorMode/FireEmblemEnvironment/Assets
GfxDevice: creating device client; kGfxThreadingModeNonThreaded
Direct3D:
    Version:  Direct3D 11.0 [level 11.1]
    Renderer: NVIDIA GeForce RTX 3050 OEM (ID=0x2508)
    Vendor:   NVIDIA
    VRAM:     8042 MB
    Driver:   31.0.15.5183
Initialize mono
Mono path[0] = 'C:/Program Files/Unity/Hub/Editor/2023.2.13f1/Editor/Data/Managed'
Mono path[1] = 'C:/Program Files/Unity/Hub/Editor/2023.2.13f1/Editor/Data/MonoBleedingEdge/lib/mono/unityjit-win32'
Mono config path = 'C:/Program Files/Unity/Hub/Editor/2023.2.13f1/Editor/Data/MonoBleedingEdge/etc'
Using monoOptions --debugger-agent=transport=dt_socket,embedding=1,server=y,suspend=n,address=127.0.0.1:56332
Begin MonoManager ReloadAssembly
C:\build\output\Unity-Technologies\mono\mono\metadata\icall.c:1842:
C:\build\output\Unity-Technologies\mono\mono\metadata\icall.c:1842:
C:\build\output\Unity-Technologies\mono\mono\metadata\icall.c:1842:
C:\build\output\Unity-Technologies\mono\mono\metadata\icall.c:1842:
C:\build\output\Unity-Technologies\mono\mono\metadata\icall.c:1842:
C:\build\output\Unity-Technologies\mono\mono\metadata\icall.c:1842:
C:\build\output\Unity-Technologies\mono\mono\metadata\icall.c:1842:
C:\build\output\Unity-Technologies\mono\mono\metadata\icall.c:1842:
C:\build\output\Unity-Technologies\mono\mono\metadata\icall.c:1842:
C:\build\output\Unity-Technologies\mono\mono\metadata\icall.c:1842:
Registering precompiled unity dll's ...
Register platform support module: C:/Program Files/Unity/Hub/Editor/2023.2.13f1/Editor/Data/PlaybackEngines/WindowsStandaloneSupport/UnityEditor.WindowsStandalone.Extensions.dll
Registered in 0.001891 seconds.
- Loaded All Assemblies, in  0.280 seconds
Native extension for WindowsStandalone target not found
Mono: successfully reloaded assembly
C:\build\output\Unity-Technologies\mono\mono\metadata\icall.c:1842:
C:\build\output\Unity-Technologies\mono\mono\metadata\icall.c:1842:
- Finished resetting the current domain, in  0.198 seconds
Domain Reload Profiling: 477ms
	BeginReloadAssembly (111ms)
		ExecutionOrderSort (0ms)
		DisableScriptedObjects (0ms)
		BackupInstance (0ms)
		ReleaseScriptingObjects (0ms)
		CreateAndSetChildDomain (1ms)
	RebuildCommonClasses (24ms)
	RebuildNativeTypeToScriptingClass (8ms)
	initialDomainReloadingComplete (32ms)
	LoadAllAssembliesAndSetupDomain (104ms)
		LoadAssemblies (109ms)
		RebuildTransferFunctionScriptingTraits (0ms)
		AnalyzeDomain (102ms)
			TypeCache.Refresh (101ms)
				TypeCache.ScanAssembly (92ms)
			BuildScriptInfoCaches (0ms)
			ResolveRequiredComponents (0ms)
	FinalizeReload (198ms)
		ReleaseScriptCaches (0ms)
		RebuildScriptCaches (0ms)
		SetupLoadedEditorAssemblies (161ms)
			LogAssemblyErrors (0ms)
			InitializePlatformSupportModulesInManaged (6ms)
			SetLoadedEditorAssemblies (4ms)
			BeforeProcessingInitializeOnLoad (4ms)
			ProcessInitializeOnLoadAttributes (117ms)
			ProcessInitializeOnLoadMethodAttributes (31ms)
			AfterProcessingInitializeOnLoad (0ms)
			EditorAssembliesLoaded (0ms)
		ExecutionOrderSort2 (0ms)
		AwakeInstancesAfterBackupRestoration (0ms)
========================================================================
Worker process is ready to serve import requests
Import Worker Mode flag is 0x00
Begin MonoManager ReloadAssembly
C:\build\output\Unity-Technologies\mono\mono\metadata\icall.c:1842:
C:\build\output\Unity-Technologies\mono\mono\metadata\icall.c:1842:
C:\build\output\Unity-Technologies\mono\mono\metadata\icall.c:1842:
C:\build\output\Unity-Technologies\mono\mono\metadata\icall.c:1842:
C:\build\output\Unity-Technologies\mono\mono\metadata\icall.c:1842:
C:\build\output\Unity-Technologies\mono\mono\metadata\icall.c:1842:
C:\build\output\Unity-Technologies\mono\mono\metadata\icall.c:1842:
C:\build\output\Unity-Technologies\mono\mono\metadata\icall.c:1842:
C:\build\output\Unity-Technologies\mono\mono\metadata\icall.c:1842:
C:\build\output\Unity-Technologies\mono\mono\metadata\icall.c:1842:
C:\build\output\Unity-Technologies\mono\mono\metadata\icall.c:1842:
C:\build\output\Unity-Technologies\mono\mono\metadata\icall.c:1842:
Symbol file LoadedFromMemory doesn't match image C:\Users\Yanna\Documents\GitHub\MirrorMode\FireEmblemEnvironment\Library\PackageCache\com.unity.visualscripting@1.8.0\Editor\VisualScripting.Core\Dependencies\YamlDotNet\Unity.VisualScripting.YamlDotNet.dll
Symbol file LoadedFromMemory doesn't match image C:\Users\Yanna\Documents\GitHub\MirrorMode\FireEmblemEnvironment\Library\PackageCache\com.unity.visualscripting@1.8.0\Editor\VisualScripting.Core\Dependencies\DotNetZip\Unity.VisualScripting.IonicZip.dll
Symbol file LoadedFromMemory is not a mono symbol file
- Loaded All Assemblies, in  0.582 seconds
Refreshing native plugins compatible for Editor in 1.41 ms, found 5 plugins.
Native extension for WindowsStandalone target not found
Mono: successfully reloaded assembly
- Finished resetting the current domain, in  0.449 seconds
Domain Reload Profiling: 1029ms
	BeginReloadAssembly (223ms)
		ExecutionOrderSort (0ms)
		DisableScriptedObjects (4ms)
		BackupInstance (0ms)
		ReleaseScriptingObjects (0ms)
		CreateAndSetChildDomain (19ms)
	RebuildCommonClasses (23ms)
	RebuildNativeTypeToScriptingClass (8ms)
	initialDomainReloadingComplete (26ms)
	LoadAllAssembliesAndSetupDomain (300ms)
		LoadAssemblies (242ms)
		RebuildTransferFunctionScriptingTraits (0ms)
		AnalyzeDomain (129ms)
			TypeCache.Refresh (105ms)
				TypeCache.ScanAssembly (95ms)
			BuildScriptInfoCaches (19ms)
			ResolveRequiredComponents (3ms)
	FinalizeReload (450ms)
		ReleaseScriptCaches (0ms)
		RebuildScriptCaches (0ms)
		SetupLoadedEditorAssemblies (321ms)
			LogAssemblyErrors (0ms)
			InitializePlatformSupportModulesInManaged (2ms)
			SetLoadedEditorAssemblies (3ms)
			BeforeProcessingInitializeOnLoad (37ms)
			ProcessInitializeOnLoadAttributes (217ms)
			ProcessInitializeOnLoadMethodAttributes (59ms)
			AfterProcessingInitializeOnLoad (3ms)
			EditorAssembliesLoaded (0ms)
		ExecutionOrderSort2 (0ms)
		AwakeInstancesAfterBackupRestoration (7ms)
Launched and connected shader compiler UnityShaderCompiler.exe after 0.01 seconds
Refreshing native plugins compatible for Editor in 1.37 ms, found 5 plugins.
Preloading 0 native plugins for Editor in 0.00 ms.
Unloading 128 Unused Serialized files (Serialized files now loaded: 0)
Unloading 4806 unused Assets / (13.2 MB). Loaded Objects now: 5395.
Memory consumption went from 164.7 MB to 151.5 MB.
Total: 5.682900 ms (FindLiveObjects: 0.318500 ms CreateObjectMapping: 0.258100 ms MarkObjects: 3.077300 ms  DeleteObjects: 2.028100 ms)

========================================================================
Received Import Request.
  Time since last request: 419114.707410 seconds.
  path: Assets/ML-Agents/Agent.prefab
  artifactKey: Guid(f9b7514073f8704479628afb9f42627b) Importer(815301076,1909f56bfc062723c751e8b465ee728b)
Start importing Assets/ML-Agents/Agent.prefab using Guid(f9b7514073f8704479628afb9f42627b) Importer(815301076,1909f56bfc062723c751e8b465ee728b) (PreviewImporter) -> (artifact id: '2617ed889a097bdf634c4d31b2eb59ed') in 0.0624861 seconds
Number of updated asset objects reloaded before import = 0Number of asset objects unloaded after import = 15

========================================================================
Received Import Request.
  Time since last request: 10.629646 seconds.
  path: Assets/ML-Agents/Examples
  artifactKey: Guid(8855563dbb5fc9e4ebcc2222659ff6cd) Importer(815301076,1909f56bfc062723c751e8b465ee728b)
Start importing Assets/ML-Agents/Examples using Guid(8855563dbb5fc9e4ebcc2222659ff6cd) Importer(815301076,1909f56bfc062723c751e8b465ee728b) (PreviewImporter) -> (artifact id: '83d2a0287b78d26d092cf85b2762985e') in 0.0006098 seconds
Number of updated asset objects reloaded before import = 0Number of asset objects unloaded after import = 0

========================================================================
Received Import Request.
  Time since last request: 45.343840 seconds.
  path: Assets/Prefabs/FEEnv.prefab
  artifactKey: Guid(985c2f75e7e8112409085d16fb37eae0) Importer(815301076,1909f56bfc062723c751e8b465ee728b)
Start importing Assets/Prefabs/FEEnv.prefab using Guid(985c2f75e7e8112409085d16fb37eae0) Importer(815301076,1909f56bfc062723c751e8b465ee728b) (PreviewImporter) -> (artifact id: '042494d424c77f52d6d1ee7f86dfef49') in 0.0233193 seconds
Number of updated asset objects reloaded before import = 0Number of asset objects unloaded after import = 133

========================================================================
Received Import Request.
  Time since last request: 15.132484 seconds.
  path: Assets/ML-Agents/Examples/Basic
  artifactKey: Guid(05c390a842a369d4782108e677aa2f7e) Importer(815301076,1909f56bfc062723c751e8b465ee728b)
Start importing Assets/ML-Agents/Examples/Basic using Guid(05c390a842a369d4782108e677aa2f7e) Importer(815301076,1909f56bfc062723c751e8b465ee728b) (PreviewImporter) -> (artifact id: '4617871c37ce58ba6285c3f9d8f7d781') in 0.0007634 seconds
Number of updated asset objects reloaded before import = 0Number of asset objects unloaded after import = 0

========================================================================
Received Import Request.
  Time since last request: 2.582908 seconds.
  path: Assets/ML-Agents/Examples/Basic/Demos
  artifactKey: Guid(0fe8ca50950ae4f2688716419b981cbb) Importer(815301076,1909f56bfc062723c751e8b465ee728b)
Start importing Assets/ML-Agents/Examples/Basic/Demos using Guid(0fe8ca50950ae4f2688716419b981cbb) Importer(815301076,1909f56bfc062723c751e8b465ee728b) (PreviewImporter) -> (artifact id: '23b9ee95f5cf9887175ab1cb43418359') in 0.0004715 seconds
Number of updated asset objects reloaded before import = 0Number of asset objects unloaded after import = 0

========================================================================
Received Import Request.
  Time since last request: 0.086083 seconds.
  path: Assets/ML-Agents/Examples/Basic/Demos/ExpertBasic.demo
  artifactKey: Guid(414224ce8b3e247ad936b17f574b10ab) Importer(815301076,1909f56bfc062723c751e8b465ee728b)
Start importing Assets/ML-Agents/Examples/Basic/Demos/ExpertBasic.demo using Guid(414224ce8b3e247ad936b17f574b10ab) Importer(815301076,1909f56bfc062723c751e8b465ee728b) (PreviewImporter) -> (artifact id: '0e4df61c68daedb49e28bf7a56597cd2') in 0.0019808 seconds
Number of updated asset objects reloaded before import = 0Number of asset objects unloaded after import = 1

========================================================================
Received Import Request.
  Time since last request: 4.204633 seconds.
  path: Assets/ML-Agents/Timers
  artifactKey: Guid(3f395d9e54726ad419c87b82e67fe49d) Importer(815301076,1909f56bfc062723c751e8b465ee728b)
Start importing Assets/ML-Agents/Timers using Guid(3f395d9e54726ad419c87b82e67fe49d) Importer(815301076,1909f56bfc062723c751e8b465ee728b) (PreviewImporter) -> (artifact id: 'b38487dc4af063a2b655c3bf7091d30a') in 0.0004349 seconds
Number of updated asset objects reloaded before import = 0Number of asset objects unloaded after import = 0

========================================================================
Received Import Request.
  Time since last request: 7.688368 seconds.
  path: Assets/ML-Agents/Examples/Basic/TFModels/Basic.onnx
  artifactKey: Guid(097099e8be3e74ae08b694b59d393074) Importer(815301076,1909f56bfc062723c751e8b465ee728b)
Start importing Assets/ML-Agents/Examples/Basic/TFModels/Basic.onnx using Guid(097099e8be3e74ae08b694b59d393074) Importer(815301076,1909f56bfc062723c751e8b465ee728b) (PreviewImporter) -> (artifact id: 'e3728fed9c49046147639d72e8dbcfec') in 0.0013823 seconds
Number of updated asset objects reloaded before import = 0Number of asset objects unloaded after import = 3

========================================================================
Received Import Request.
  Time since last request: 4.623345 seconds.
  path: Assets/ML-Agents/Examples/Basic/Prefabs/Basic.prefab
  artifactKey: Guid(c5eb289873aca4f5a8cc59c7464ab7c1) Importer(815301076,1909f56bfc062723c751e8b465ee728b)
Start importing Assets/ML-Agents/Examples/Basic/Prefabs/Basic.prefab using Guid(c5eb289873aca4f5a8cc59c7464ab7c1) Importer(815301076,1909f56bfc062723c751e8b465ee728b) (PreviewImporter) -> (artifact id: 'b437ffc7348c5979bda5112c25f46de1') in 0.5223076 seconds
Number of updated asset objects reloaded before import = 0Number of asset objects unloaded after import = 68

========================================================================
Received Prepare
Begin MonoManager ReloadAssembly
C:\build\output\Unity-Technologies\mono\mono\metadata\icall.c:1842:
C:\build\output\Unity-Technologies\mono\mono\metadata\icall.c:1842:
C:\build\output\Unity-Technologies\mono\mono\metadata\icall.c:1842:
C:\build\output\Unity-Technologies\mono\mono\metadata\icall.c:1842:
C:\build\output\Unity-Technologies\mono\mono\metadata\icall.c:1842:
C:\build\output\Unity-Technologies\mono\mono\metadata\icall.c:1842:
C:\build\output\Unity-Technologies\mono\mono\metadata\icall.c:1842:
C:\build\output\Unity-Technologies\mono\mono\metadata\icall.c:1842:
C:\build\output\Unity-Technologies\mono\mono\metadata\icall.c:1842:
C:\build\output\Unity-Technologies\mono\mono\metadata\icall.c:1842:
C:\build\output\Unity-Technologies\mono\mono\metadata\icall.c:1842:
C:\build\output\Unity-Technologies\mono\mono\metadata\icall.c:1842:
Symbol file LoadedFromMemory doesn't match image C:\Users\Yanna\Documents\GitHub\MirrorMode\FireEmblemEnvironment\Library\PackageCache\com.unity.visualscripting@1.8.0\Editor\VisualScripting.Core\Dependencies\YamlDotNet\Unity.VisualScripting.YamlDotNet.dll
Symbol file LoadedFromMemory doesn't match image C:\Users\Yanna\Documents\GitHub\MirrorMode\FireEmblemEnvironment\Library\PackageCache\com.unity.visualscripting@1.8.0\Editor\VisualScripting.Core\Dependencies\DotNetZip\Unity.VisualScripting.IonicZip.dll
Symbol file LoadedFromMemory is not a mono symbol file
- Loaded All Assemblies, in  0.493 seconds
Refreshing native plugins compatible for Editor in 1.47 ms, found 5 plugins.
Native extension for WindowsStandalone target not found
Mono: successfully reloaded assembly
- Finished resetting the current domain, in  0.443 seconds
Domain Reload Profiling: 935ms
	BeginReloadAssembly (147ms)
		ExecutionOrderSort (0ms)
		DisableScriptedObjects (8ms)
		BackupInstance (0ms)
		ReleaseScriptingObjects (0ms)
		CreateAndSetChildDomain (35ms)
	RebuildCommonClasses (23ms)
	RebuildNativeTypeToScriptingClass (9ms)
	initialDomainReloadingComplete (21ms)
	LoadAllAssembliesAndSetupDomain (293ms)
		LoadAssemblies (258ms)
		RebuildTransferFunctionScriptingTraits (0ms)
		AnalyzeDomain (108ms)
			TypeCache.Refresh (6ms)
				TypeCache.ScanAssembly (0ms)
			BuildScriptInfoCaches (96ms)
			ResolveRequiredComponents (4ms)
	FinalizeReload (443ms)
		ReleaseScriptCaches (0ms)
		RebuildScriptCaches (0ms)
		SetupLoadedEditorAssemblies (303ms)
			LogAssemblyErrors (0ms)
			InitializePlatformSupportModulesInManaged (2ms)
			SetLoadedEditorAssemblies (4ms)
			BeforeProcessingInitializeOnLoad (39ms)
			ProcessInitializeOnLoadAttributes (200ms)
			ProcessInitializeOnLoadMethodAttributes (56ms)
			AfterProcessingInitializeOnLoad (2ms)
			EditorAssembliesLoaded (0ms)
		ExecutionOrderSort2 (0ms)
		AwakeInstancesAfterBackupRestoration (7ms)
Refreshing native plugins compatible for Editor in 1.37 ms, found 5 plugins.
Preloading 0 native plugins for Editor in 0.00 ms.
Unloading 39 Unused Serialized files (Serialized files now loaded: 0)
Unloading 4805 unused Assets / (13.0 MB). Loaded Objects now: 5412.
Memory consumption went from 148.8 MB to 135.8 MB.
Total: 5.610500 ms (FindLiveObjects: 0.306500 ms CreateObjectMapping: 0.259700 ms MarkObjects: 3.105300 ms  DeleteObjects: 1.938100 ms)

Prepare: number of updated asset objects reloaded= 0
========================================================================
Received Import Request.
  Time since last request: 55.936548 seconds.
  path: Packages/com.unity.ml-agents/package.json
  artifactKey: Guid(e13b73fbfc8e74e4d87af46bf55d7df6) Importer(815301076,1909f56bfc062723c751e8b465ee728b)
Start importing Packages/com.unity.ml-agents/package.json using Guid(e13b73fbfc8e74e4d87af46bf55d7df6) Importer(815301076,1909f56bfc062723c751e8b465ee728b) (PreviewImporter) -> (artifact id: '1d35dbd4590ec90d257dfffef7fbcc70') in 0.0164967 seconds
Number of updated asset objects reloaded before import = 0Number of asset objects unloaded after import = 1

========================================================================
Received Import Request.
  Time since last request: 14.481491 seconds.
  path: Assets/ML-Agents/Examples/SharedAssets
  artifactKey: Guid(84eb5c24985760842b681c15b56a3330) Importer(815301076,1909f56bfc062723c751e8b465ee728b)
Start importing Assets/ML-Agents/Examples/SharedAssets using Guid(84eb5c24985760842b681c15b56a3330) Importer(815301076,1909f56bfc062723c751e8b465ee728b) (PreviewImporter) -> (artifact id: '1794657078e688666a46767fd22e1b73') in 0.000469 seconds
Number of updated asset objects reloaded before import = 0Number of asset objects unloaded after import = 0

========================================================================
Received Import Request.
  Time since last request: 2.815263 seconds.
  path: Assets/ML-Agents/Examples/SharedAssets/Scripts
  artifactKey: Guid(4636aef99947747db8e1ed87884ed35b) Importer(815301076,1909f56bfc062723c751e8b465ee728b)
Start importing Assets/ML-Agents/Examples/SharedAssets/Scripts using Guid(4636aef99947747db8e1ed87884ed35b) Importer(815301076,1909f56bfc062723c751e8b465ee728b) (PreviewImporter) -> (artifact id: '0f5ccb46484b79fdb30745a5272787a2') in 0.0009096 seconds
Number of updated asset objects reloaded before import = 0Number of asset objects unloaded after import = 0

========================================================================
Received Import Request.
  Time since last request: 18.183649 seconds.
  path: Assets/ML-Agents/Examples/SharedAssets/Materials/AgentBlue.mat
  artifactKey: Guid(c9fa44c2c3f8ce74ca39a3355ea42631) Importer(815301076,1909f56bfc062723c751e8b465ee728b)
Start importing Assets/ML-Agents/Examples/SharedAssets/Materials/AgentBlue.mat using Guid(c9fa44c2c3f8ce74ca39a3355ea42631) Importer(815301076,1909f56bfc062723c751e8b465ee728b) (PreviewImporter) -> (artifact id: 'c291c3da83fa4473201afa763a837178') in 0.0638094 seconds
Number of updated asset objects reloaded before import = 0Number of asset objects unloaded after import = 1

========================================================================
Received Import Request.
  Time since last request: 0.000017 seconds.
  path: Assets/ML-Agents/Examples/SharedAssets/Materials/Green.mat
  artifactKey: Guid(c67450f290f3e4897bc40276a619e78d) Importer(815301076,1909f56bfc062723c751e8b465ee728b)
Start importing Assets/ML-Agents/Examples/SharedAssets/Materials/Green.mat using Guid(c67450f290f3e4897bc40276a619e78d) Importer(815301076,1909f56bfc062723c751e8b465ee728b) (PreviewImporter) -> (artifact id: 'ff41f6e1053d0373f2071abe18a9f37b') in 0.0476366 seconds
Number of updated asset objects reloaded before import = 0Number of asset objects unloaded after import = 1

========================================================================
Received Import Request.
  Time since last request: 0.000096 seconds.
  path: Assets/ML-Agents/Examples/SharedAssets/Materials/UIDefault.mat
  artifactKey: Guid(463606e709fd24f29ac1096d0aade647) Importer(815301076,1909f56bfc062723c751e8b465ee728b)
Start importing Assets/ML-Agents/Examples/SharedAssets/Materials/UIDefault.mat using Guid(463606e709fd24f29ac1096d0aade647) Importer(815301076,1909f56bfc062723c751e8b465ee728b) (PreviewImporter) -> (artifact id: 'db5a45eca02554e049cd8e4b9af368be') in 0.0076227 seconds
Number of updated asset objects reloaded before import = 0Number of asset objects unloaded after import = 1

========================================================================
Received Import Request.
  Time since last request: 0.000016 seconds.
  path: Assets/ML-Agents/Examples/SharedAssets/Materials/Checkers_Ball.mat
  artifactKey: Guid(cf2a3769e6d5446698f2e3f5aab68915) Importer(815301076,1909f56bfc062723c751e8b465ee728b)
Start importing Assets/ML-Agents/Examples/SharedAssets/Materials/Checkers_Ball.mat using Guid(cf2a3769e6d5446698f2e3f5aab68915) Importer(815301076,1909f56bfc062723c751e8b465ee728b) (PreviewImporter) -> (artifact id: 'fe045163a4666208019fc845b6a6a372') in 0.0126371 seconds
Number of updated asset objects reloaded before import = 0Number of asset objects unloaded after import = 2

========================================================================
Received Import Request.
  Time since last request: 0.000017 seconds.
  path: Assets/ML-Agents/Examples/SharedAssets/Materials/LightGreen.mat
  artifactKey: Guid(df32cc593804f42df97464dc455057b8) Importer(815301076,1909f56bfc062723c751e8b465ee728b)
Start importing Assets/ML-Agents/Examples/SharedAssets/Materials/LightGreen.mat using Guid(df32cc593804f42df97464dc455057b8) Importer(815301076,1909f56bfc062723c751e8b465ee728b) (PreviewImporter) -> (artifact id: '6905673e0f760c9bd402f918199806a8') in 0.0054538 seconds
Number of updated asset objects reloaded before import = 0Number of asset objects unloaded after import = 1

========================================================================
Received Import Request.
  Time since last request: 0.000095 seconds.
  path: Assets/ML-Agents/Examples/SharedAssets/Materials/GridMat.mat
  artifactKey: Guid(dc7340babc47c45c987fee58e013ed3f) Importer(815301076,1909f56bfc062723c751e8b465ee728b)
Start importing Assets/ML-Agents/Examples/SharedAssets/Materials/GridMat.mat using Guid(dc7340babc47c45c987fee58e013ed3f) Importer(815301076,1909f56bfc062723c751e8b465ee728b) (PreviewImporter) -> (artifact id: 'd703d45b2a94fd7efea1ef87291d83aa') in 0.0062763 seconds
Number of updated asset objects reloaded before import = 0Number of asset objects unloaded after import = 1

========================================================================
Received Import Request.
  Time since last request: 0.000034 seconds.
  path: Assets/ML-Agents/Examples/SharedAssets/Materials/LightRed.mat
  artifactKey: Guid(a1daf31cdf41e484ca9ac33a5c6f524a) Importer(815301076,1909f56bfc062723c751e8b465ee728b)
Start importing Assets/ML-Agents/Examples/SharedAssets/Materials/LightRed.mat using Guid(a1daf31cdf41e484ca9ac33a5c6f524a) Importer(815301076,1909f56bfc062723c751e8b465ee728b) (PreviewImporter) -> (artifact id: 'cfa4d09b30d3fe10c5b6fa2108384dbc') in 0.0057863 seconds
Number of updated asset objects reloaded before import = 0Number of asset objects unloaded after import = 1

========================================================================
Received Import Request.
  Time since last request: 0.000100 seconds.
  path: Assets/ML-Agents/Examples/SharedAssets/Materials/LogoSymbol.mat
  artifactKey: Guid(3825ef6e3f8624bc5934d59be09c0c92) Importer(815301076,1909f56bfc062723c751e8b465ee728b)
Start importing Assets/ML-Agents/Examples/SharedAssets/Materials/LogoSymbol.mat using Guid(3825ef6e3f8624bc5934d59be09c0c92) Importer(815301076,1909f56bfc062723c751e8b465ee728b) (PreviewImporter) -> (artifact id: 'c33953fd64f54ecba16f892c49601d30') in 0.0068133 seconds
Number of updated asset objects reloaded before import = 0Number of asset objects unloaded after import = 2

========================================================================
Received Import Request.
  Time since last request: 0.000030 seconds.
  path: Assets/ML-Agents/Examples/SharedAssets/Materials/GridMatBall.mat
  artifactKey: Guid(2e687a6242afc4a7e993fec6042518a9) Importer(815301076,1909f56bfc062723c751e8b465ee728b)
Start importing Assets/ML-Agents/Examples/SharedAssets/Materials/GridMatBall.mat using Guid(2e687a6242afc4a7e993fec6042518a9) Importer(815301076,1909f56bfc062723c751e8b465ee728b) (PreviewImporter) -> (artifact id: '591e44a504f0f53698e1ae36974e5e36') in 0.0056796 seconds
Number of updated asset objects reloaded before import = 0Number of asset objects unloaded after import = 1

========================================================================
Received Import Request.
  Time since last request: 0.000088 seconds.
  path: Assets/ML-Agents/Examples/SharedAssets/Materials/GridMatMoveable.mat
  artifactKey: Guid(b26f66bd59d534f92a03ca870ae19724) Importer(815301076,1909f56bfc062723c751e8b465ee728b)
Start importing Assets/ML-Agents/Examples/SharedAssets/Materials/GridMatMoveable.mat using Guid(b26f66bd59d534f92a03ca870ae19724) Importer(815301076,1909f56bfc062723c751e8b465ee728b) (PreviewImporter) -> (artifact id: '502ce79d23a8df3cc174c6c2efda10d1') in 0.0057853 seconds
Number of updated asset objects reloaded before import = 0Number of asset objects unloaded after import = 1

========================================================================
Received Import Request.
  Time since last request: 0.000076 seconds.
  path: Assets/ML-Agents/Examples/SharedAssets/Materials/GridMatHallway.mat
  artifactKey: Guid(d3855c73a8adc453f89d8df66068f21f) Importer(815301076,1909f56bfc062723c751e8b465ee728b)
Start importing Assets/ML-Agents/Examples/SharedAssets/Materials/GridMatHallway.mat using Guid(d3855c73a8adc453f89d8df66068f21f) Importer(815301076,1909f56bfc062723c751e8b465ee728b) (PreviewImporter) -> (artifact id: 'd0fe7f5daeb4b550e69969104db11f78') in 0.0060782 seconds
Number of updated asset objects reloaded before import = 0Number of asset objects unloaded after import = 1

========================================================================
Received Import Request.
  Time since last request: 0.000054 seconds.
  path: Assets/ML-Agents/Examples/SharedAssets/Materials/Yellow.mat
  artifactKey: Guid(52eab8ab5010f438fab93da85735ba1d) Importer(815301076,1909f56bfc062723c751e8b465ee728b)
Start importing Assets/ML-Agents/Examples/SharedAssets/Materials/Yellow.mat using Guid(52eab8ab5010f438fab93da85735ba1d) Importer(815301076,1909f56bfc062723c751e8b465ee728b) (PreviewImporter) -> (artifact id: '87a042e5cd47efddaff447f6016b11c2') in 0.0057592 seconds
Number of updated asset objects reloaded before import = 0Number of asset objects unloaded after import = 1

========================================================================
Received Import Request.
  Time since last request: 0.000092 seconds.
  path: Assets/ML-Agents/Examples/SharedAssets/Materials/GrayMiddle.mat
  artifactKey: Guid(66163cf35956a4be08e801b750c26f33) Importer(815301076,1909f56bfc062723c751e8b465ee728b)
Start importing Assets/ML-Agents/Examples/SharedAssets/Materials/GrayMiddle.mat using Guid(66163cf35956a4be08e801b750c26f33) Importer(815301076,1909f56bfc062723c751e8b465ee728b) (PreviewImporter) -> (artifact id: 'df61e9543f6fa8b3828292b2387b733c') in 0.0068824 seconds
Number of updated asset objects reloaded before import = 0Number of asset objects unloaded after import = 1

========================================================================
Received Import Request.
  Time since last request: 0.000049 seconds.
  path: Assets/ML-Agents/Examples/SharedAssets/Materials/Headband.mat
  artifactKey: Guid(04be259c590de46f69db4cbd1da877d5) Importer(815301076,1909f56bfc062723c751e8b465ee728b)
Start importing Assets/ML-Agents/Examples/SharedAssets/Materials/Headband.mat using Guid(04be259c590de46f69db4cbd1da877d5) Importer(815301076,1909f56bfc062723c751e8b465ee728b) (PreviewImporter) -> (artifact id: '4c9a4670692a46d5070d5ab715acdd7b') in 0.006021 seconds
Number of updated asset objects reloaded before import = 0Number of asset objects unloaded after import = 1

========================================================================
Received Import Request.
  Time since last request: 0.000070 seconds.
  path: Assets/ML-Agents/Examples/SharedAssets/Materials/Eye.mat
  artifactKey: Guid(f731be6866ce749fd8349e67ae81f76a) Importer(815301076,1909f56bfc062723c751e8b465ee728b)
Start importing Assets/ML-Agents/Examples/SharedAssets/Materials/Eye.mat using Guid(f731be6866ce749fd8349e67ae81f76a) Importer(815301076,1909f56bfc062723c751e8b465ee728b) (PreviewImporter) -> (artifact id: 'b6243c8ebdc45c9b42f5d6e8fde9fcae') in 0.0064945 seconds
Number of updated asset objects reloaded before import = 0Number of asset objects unloaded after import = 1

========================================================================
Received Import Request.
  Time since last request: 0.000019 seconds.
  path: Assets/ML-Agents/Examples/SharedAssets/Materials/BallMat.mat
  artifactKey: Guid(bbb71e91b4d8a44999b1f690a488dc5a) Importer(815301076,1909f56bfc062723c751e8b465ee728b)
Start importing Assets/ML-Agents/Examples/SharedAssets/Materials/BallMat.mat using Guid(bbb71e91b4d8a44999b1f690a488dc5a) Importer(815301076,1909f56bfc062723c751e8b465ee728b) (PreviewImporter) -> (artifact id: '0a9cfd6d98b69f59d786d9c670933c7f') in 0.007622 seconds
Number of updated asset objects reloaded before import = 0Number of asset objects unloaded after import = 2

========================================================================
Received Import Request.
  Time since last request: 0.000018 seconds.
  path: Assets/ML-Agents/Examples/SharedAssets/Materials/Net.mat
  artifactKey: Guid(daad6e777b6e99a46bbcded7cf6816ee) Importer(815301076,1909f56bfc062723c751e8b465ee728b)
Start importing Assets/ML-Agents/Examples/SharedAssets/Materials/Net.mat using Guid(daad6e777b6e99a46bbcded7cf6816ee) Importer(815301076,1909f56bfc062723c751e8b465ee728b) (PreviewImporter) -> (artifact id: '27bda121c2d88630d0b229e29a6c39b7') in 0.1020229 seconds
Number of updated asset objects reloaded before import = 0Number of asset objects unloaded after import = 2

========================================================================
Received Import Request.
  Time since last request: 0.000015 seconds.
  path: Assets/ML-Agents/Examples/SharedAssets/Materials/White.mat
  artifactKey: Guid(eaad04b0e0dec42229c9cb00a981d7ac) Importer(815301076,1909f56bfc062723c751e8b465ee728b)
Start importing Assets/ML-Agents/Examples/SharedAssets/Materials/White.mat using Guid(eaad04b0e0dec42229c9cb00a981d7ac) Importer(815301076,1909f56bfc062723c751e8b465ee728b) (PreviewImporter) -> (artifact id: 'c97b19bee46c6a9ab284e83d594d039d') in 0.0068542 seconds
Number of updated asset objects reloaded before import = 0Number of asset objects unloaded after import = 1

========================================================================
Received Import Request.
  Time since last request: 0.000039 seconds.
  path: Assets/ML-Agents/Examples/SharedAssets/Materials/GridMatFloor.mat
  artifactKey: Guid(acba6bf2a290a496bb8989b42bf8698d) Importer(815301076,1909f56bfc062723c751e8b465ee728b)
Start importing Assets/ML-Agents/Examples/SharedAssets/Materials/GridMatFloor.mat using Guid(acba6bf2a290a496bb8989b42bf8698d) Importer(815301076,1909f56bfc062723c751e8b465ee728b) (PreviewImporter) -> (artifact id: 'dadcacbae64120a8b62e518cd8fe8558') in 0.0056648 seconds
Number of updated asset objects reloaded before import = 0Number of asset objects unloaded after import = 1

========================================================================
Received Import Request.
  Time since last request: 0.000030 seconds.
  path: Assets/ML-Agents/Examples/SharedAssets/Materials/Black.mat
  artifactKey: Guid(69fefdd39d2b34b169e921910bed9c0d) Importer(815301076,1909f56bfc062723c751e8b465ee728b)
Start importing Assets/ML-Agents/Examples/SharedAssets/Materials/Black.mat using Guid(69fefdd39d2b34b169e921910bed9c0d) Importer(815301076,1909f56bfc062723c751e8b465ee728b) (PreviewImporter) -> (artifact id: '1e6eb9a2ce327fae012b9bac855477a4') in 0.0064105 seconds
Number of updated asset objects reloaded before import = 0Number of asset objects unloaded after import = 1

========================================================================
Received Import Request.
  Time since last request: 0.000161 seconds.
  path: Assets/ML-Agents/Examples/SharedAssets/Materials/Orange.mat
  artifactKey: Guid(5c59bd36def9a4684be49a21cf201a2d) Importer(815301076,1909f56bfc062723c751e8b465ee728b)
Start importing Assets/ML-Agents/Examples/SharedAssets/Materials/Orange.mat using Guid(5c59bd36def9a4684be49a21cf201a2d) Importer(815301076,1909f56bfc062723c751e8b465ee728b) (PreviewImporter) -> (artifact id: '82353367355ba4f87ac075234eb24d5b') in 0.0064713 seconds
Number of updated asset objects reloaded before import = 0Number of asset objects unloaded after import = 1

========================================================================
Received Import Request.
  Time since last request: 0.000050 seconds.
  path: Assets/ML-Agents/Examples/SharedAssets/Materials/Checkers_Gray.mat
  artifactKey: Guid(36c7baa347d68f347a9aa9698aa1bcdd) Importer(815301076,1909f56bfc062723c751e8b465ee728b)
Start importing Assets/ML-Agents/Examples/SharedAssets/Materials/Checkers_Gray.mat using Guid(36c7baa347d68f347a9aa9698aa1bcdd) Importer(815301076,1909f56bfc062723c751e8b465ee728b) (PreviewImporter) -> (artifact id: '1a679ba62b7d36977fbc90a3b4bf44f1') in 0.1559899 seconds
Number of updated asset objects reloaded before import = 0Number of asset objects unloaded after import = 4

========================================================================
Received Import Request.
  Time since last request: 0.896757 seconds.
  path: Assets/ML-Agents/Examples/SharedAssets/Meshes/AgentCube.fbx
  artifactKey: Guid(d42ce640bd273f14fb3076ec3bcd8a1b) Importer(815301076,1909f56bfc062723c751e8b465ee728b)
Start importing Assets/ML-Agents/Examples/SharedAssets/Meshes/AgentCube.fbx using Guid(d42ce640bd273f14fb3076ec3bcd8a1b) Importer(815301076,1909f56bfc062723c751e8b465ee728b) (PreviewImporter) -> (artifact id: '9203ba8c7a461b9199cbd1b8d06c0976') in 0.0348843 seconds
Number of updated asset objects reloaded before import = 0Number of asset objects unloaded after import = 7

========================================================================
Received Import Request.
  Time since last request: 0.000015 seconds.
  path: Assets/ML-Agents/Examples/SharedAssets/Meshes/symbol_circle.fbx
  artifactKey: Guid(809601725d53c41fb9c7a75071bfbf51) Importer(815301076,1909f56bfc062723c751e8b465ee728b)
Start importing Assets/ML-Agents/Examples/SharedAssets/Meshes/symbol_circle.fbx using Guid(809601725d53c41fb9c7a75071bfbf51) Importer(815301076,1909f56bfc062723c751e8b465ee728b) (PreviewImporter) -> (artifact id: '60806250b872a45b051f6a5a8daa4be9') in 0.0126742 seconds
Number of updated asset objects reloaded before import = 0Number of asset objects unloaded after import = 8

========================================================================
Received Import Request.
  Time since last request: 0.000020 seconds.
  path: Assets/ML-Agents/Examples/SharedAssets/Meshes/LongPlatform.fbx
  artifactKey: Guid(123ce272c1899fe4cb9494514640e29e) Importer(815301076,1909f56bfc062723c751e8b465ee728b)
Start importing Assets/ML-Agents/Examples/SharedAssets/Meshes/LongPlatform.fbx using Guid(123ce272c1899fe4cb9494514640e29e) Importer(815301076,1909f56bfc062723c751e8b465ee728b) (PreviewImporter) -> (artifact id: '46da379099cf2ef65f34096a3edd6a25') in 0.0186502 seconds
Number of updated asset objects reloaded before import = 0Number of asset objects unloaded after import = 14

========================================================================
Received Import Request.
  Time since last request: 0.000016 seconds.
  path: Assets/ML-Agents/Examples/SharedAssets/Meshes/symbol_star.fbx
  artifactKey: Guid(5f278eab42a404bf4b9b70618654218d) Importer(815301076,1909f56bfc062723c751e8b465ee728b)
Start importing Assets/ML-Agents/Examples/SharedAssets/Meshes/symbol_star.fbx using Guid(5f278eab42a404bf4b9b70618654218d) Importer(815301076,1909f56bfc062723c751e8b465ee728b) (PreviewImporter) -> (artifact id: '54193aa63872185fcddab33b32f3de19') in 0.0123291 seconds
Number of updated asset objects reloaded before import = 0Number of asset objects unloaded after import = 8

========================================================================
Received Import Request.
  Time since last request: 0.000022 seconds.
  path: Assets/ML-Agents/Examples/SharedAssets/Meshes/symbol_tri.fbx
  artifactKey: Guid(09e2da39770c24cc9a71e5dbf05a1e85) Importer(815301076,1909f56bfc062723c751e8b465ee728b)
Start importing Assets/ML-Agents/Examples/SharedAssets/Meshes/symbol_tri.fbx using Guid(09e2da39770c24cc9a71e5dbf05a1e85) Importer(815301076,1909f56bfc062723c751e8b465ee728b) (PreviewImporter) -> (artifact id: '19b9899580f4227b62214fc217da2e56') in 0.0123564 seconds
Number of updated asset objects reloaded before import = 0Number of asset objects unloaded after import = 8

========================================================================
Received Import Request.
  Time since last request: 0.000034 seconds.
  path: Assets/ML-Agents/Examples/SharedAssets/Meshes/symbol_x.fbx
  artifactKey: Guid(df826ba32791e458caefe83b4498ce35) Importer(815301076,1909f56bfc062723c751e8b465ee728b)
Start importing Assets/ML-Agents/Examples/SharedAssets/Meshes/symbol_x.fbx using Guid(df826ba32791e458caefe83b4498ce35) Importer(815301076,1909f56bfc062723c751e8b465ee728b) (PreviewImporter) -> (artifact id: '26d234b5ec3ceb7a39fc1e5d249cd629') in 0.0131031 seconds
Number of updated asset objects reloaded before import = 0Number of asset objects unloaded after import = 8

========================================================================
Received Import Request.
  Time since last request: 1.056453 seconds.
  path: Assets/ML-Agents/Examples/SharedAssets/Prefabs/AgentCube_Purple.prefab
  artifactKey: Guid(f203a22ac5f5e484386222536623c6ab) Importer(815301076,1909f56bfc062723c751e8b465ee728b)
Start importing Assets/ML-Agents/Examples/SharedAssets/Prefabs/AgentCube_Purple.prefab using Guid(f203a22ac5f5e484386222536623c6ab) Importer(815301076,1909f56bfc062723c751e8b465ee728b) (PreviewImporter) -> (artifact id: '2685170efcb691b8622d6279e97fd89f') in 0.009395 seconds
Number of updated asset objects reloaded before import = 0Number of asset objects unloaded after import = 28

========================================================================
Received Import Request.
  Time since last request: 0.000023 seconds.
  path: Assets/ML-Agents/Examples/SharedAssets/Prefabs/Canvas_Watermark.prefab
  artifactKey: Guid(3ce107b4a79bc4eef83afde434932a68) Importer(815301076,1909f56bfc062723c751e8b465ee728b)
Start importing Assets/ML-Agents/Examples/SharedAssets/Prefabs/Canvas_Watermark.prefab using Guid(3ce107b4a79bc4eef83afde434932a68) Importer(815301076,1909f56bfc062723c751e8b465ee728b) (PreviewImporter) -> (artifact id: 'ac93915e08ea7d467e2d6f6f3239be06') in 0.0064009 seconds
Number of updated asset objects reloaded before import = 0Number of asset objects unloaded after import = 12

========================================================================
Received Import Request.
  Time since last request: 0.000015 seconds.
  path: Assets/ML-Agents/Examples/SharedAssets/Prefabs/Logo-PlaneMesh-BLACK.prefab
  artifactKey: Guid(a475958cc9466411db1430dcd47163d2) Importer(815301076,1909f56bfc062723c751e8b465ee728b)
Start importing Assets/ML-Agents/Examples/SharedAssets/Prefabs/Logo-PlaneMesh-BLACK.prefab using Guid(a475958cc9466411db1430dcd47163d2) Importer(815301076,1909f56bfc062723c751e8b465ee728b) (PreviewImporter) -> (artifact id: 'fd7b4961350eb53098786383d98bebe7') in 0.0069534 seconds
Number of updated asset objects reloaded before import = 0Number of asset objects unloaded after import = 8

========================================================================
Received Import Request.
  Time since last request: 0.000013 seconds.
  path: Assets/ML-Agents/Examples/SharedAssets/Prefabs/DynamicTargetPlatform.prefab
  artifactKey: Guid(d6fc96a99a9754f07b48abf1e0d55a5c) Importer(815301076,1909f56bfc062723c751e8b465ee728b)
Start importing Assets/ML-Agents/Examples/SharedAssets/Prefabs/DynamicTargetPlatform.prefab using Guid(d6fc96a99a9754f07b48abf1e0d55a5c) Importer(815301076,1909f56bfc062723c751e8b465ee728b) (PreviewImporter) -> (artifact id: '2aadce8f3da15d0d0fecfe8547ecc693') in 0.0067315 seconds
Number of updated asset objects reloaded before import = 0Number of asset objects unloaded after import = 33

========================================================================
Received Import Request.
  Time since last request: 0.000015 seconds.
  path: Assets/ML-Agents/Examples/SharedAssets/Prefabs/AgentCubeWithCamera_Blue.prefab
  artifactKey: Guid(a60300fb512c946049325c74b6bf6089) Importer(815301076,1909f56bfc062723c751e8b465ee728b)
Start importing Assets/ML-Agents/Examples/SharedAssets/Prefabs/AgentCubeWithCamera_Blue.prefab using Guid(a60300fb512c946049325c74b6bf6089) Importer(815301076,1909f56bfc062723c751e8b465ee728b) (PreviewImporter) -> (artifact id: 'c2d6ba17049623cfa45566232d4e2cd9') in 0.0079869 seconds
Number of updated asset objects reloaded before import = 0Number of asset objects unloaded after import = 47

========================================================================
Received Import Request.
  Time since last request: 0.000012 seconds.
  path: Assets/ML-Agents/Examples/SharedAssets/Prefabs/Logo-PlaneMesh-WHITE.prefab
  artifactKey: Guid(7b6ea6f04dd0647a1bde5bea97c8cd35) Importer(815301076,1909f56bfc062723c751e8b465ee728b)
Start importing Assets/ML-Agents/Examples/SharedAssets/Prefabs/Logo-PlaneMesh-WHITE.prefab using Guid(7b6ea6f04dd0647a1bde5bea97c8cd35) Importer(815301076,1909f56bfc062723c751e8b465ee728b) (PreviewImporter) -> (artifact id: '8d41394588079b1ff93996f2b7fa6574') in 0.0062491 seconds
Number of updated asset objects reloaded before import = 0Number of asset objects unloaded after import = 8

========================================================================
Received Import Request.
  Time since last request: 0.000024 seconds.
  path: Assets/ML-Agents/Examples/SharedAssets/Prefabs/PlatformDynamicTarget.prefab
  artifactKey: Guid(f0d7741d9e06247f6843b921a206b978) Importer(815301076,1909f56bfc062723c751e8b465ee728b)
Start importing Assets/ML-Agents/Examples/SharedAssets/Prefabs/PlatformDynamicTarget.prefab using Guid(f0d7741d9e06247f6843b921a206b978) Importer(815301076,1909f56bfc062723c751e8b465ee728b) (PreviewImporter) -> (artifact id: '05605cda6b647d0b2da27eeee0a70c8a') in 0.0066633 seconds
Number of updated asset objects reloaded before import = 0Number of asset objects unloaded after import = 33

========================================================================
Received Import Request.
  Time since last request: 0.000016 seconds.
  path: Assets/ML-Agents/Examples/SharedAssets/Prefabs/Symbol_Star.prefab
  artifactKey: Guid(a9f9ac03f750149ed8ae35949376dbf5) Importer(815301076,1909f56bfc062723c751e8b465ee728b)
Start importing Assets/ML-Agents/Examples/SharedAssets/Prefabs/Symbol_Star.prefab using Guid(a9f9ac03f750149ed8ae35949376dbf5) Importer(815301076,1909f56bfc062723c751e8b465ee728b) (PreviewImporter) -> (artifact id: 'b2986f915b96e2785718d4bf9aadebdd') in 0.0071093 seconds
Number of updated asset objects reloaded before import = 0Number of asset objects unloaded after import = 14

========================================================================
Received Import Request.
  Time since last request: 0.000015 seconds.
  path: Assets/ML-Agents/Examples/SharedAssets/Prefabs/Symbol_Triangle.prefab
  artifactKey: Guid(58c36a1fc2609452c92aaa5a0b56b8c4) Importer(815301076,1909f56bfc062723c751e8b465ee728b)
Start importing Assets/ML-Agents/Examples/SharedAssets/Prefabs/Symbol_Triangle.prefab using Guid(58c36a1fc2609452c92aaa5a0b56b8c4) Importer(815301076,1909f56bfc062723c751e8b465ee728b) (PreviewImporter) -> (artifact id: '14265986e0bf8a8e8db0c871b20f224e') in 0.0064873 seconds
Number of updated asset objects reloaded before import = 0Number of asset objects unloaded after import = 14

========================================================================
Received Import Request.
  Time since last request: 0.000017 seconds.
  path: Assets/ML-Agents/Examples/SharedAssets/Prefabs/Symbol_X.prefab
  artifactKey: Guid(58a7c245130274d559eccf656e2fbc44) Importer(815301076,1909f56bfc062723c751e8b465ee728b)
Start importing Assets/ML-Agents/Examples/SharedAssets/Prefabs/Symbol_X.prefab using Guid(58a7c245130274d559eccf656e2fbc44) Importer(815301076,1909f56bfc062723c751e8b465ee728b) (PreviewImporter) -> (artifact id: '80d16eb40a9078fc2f06f318643358aa') in 0.0089026 seconds
Number of updated asset objects reloaded before import = 0Number of asset objects unloaded after import = 14

========================================================================
Received Import Request.
  Time since last request: 0.000023 seconds.
  path: Assets/ML-Agents/Examples/SharedAssets/Prefabs/OrientationCube.prefab
  artifactKey: Guid(72f745913c5a34df5aaadd5c1f0024cb) Importer(815301076,1909f56bfc062723c751e8b465ee728b)
Start importing Assets/ML-Agents/Examples/SharedAssets/Prefabs/OrientationCube.prefab using Guid(72f745913c5a34df5aaadd5c1f0024cb) Importer(815301076,1909f56bfc062723c751e8b465ee728b) (PreviewImporter) -> (artifact id: 'd38567f0caf0936035561ee5259f9625') in 0.0028817 seconds
Number of updated asset objects reloaded before import = 0Number of asset objects unloaded after import = 20

========================================================================
Received Import Request.
  Time since last request: 0.000017 seconds.
  path: Assets/ML-Agents/Examples/SharedAssets/Prefabs/AgentCubeWithCamera_Purple.prefab
  artifactKey: Guid(b3f44c5319ba14b88a7cc096cfd91979) Importer(815301076,1909f56bfc062723c751e8b465ee728b)
Start importing Assets/ML-Agents/Examples/SharedAssets/Prefabs/AgentCubeWithCamera_Purple.prefab using Guid(b3f44c5319ba14b88a7cc096cfd91979) Importer(815301076,1909f56bfc062723c751e8b465ee728b) (PreviewImporter) -> (artifact id: 'fa7723fd63beaa3c49130ba269a2a2af') in 0.011479 seconds
Number of updated asset objects reloaded before import = 0Number of asset objects unloaded after import = 47

========================================================================
Received Import Request.
  Time since last request: 0.000017 seconds.
  path: Assets/ML-Agents/Examples/SharedAssets/Prefabs/Symbol_O.prefab
  artifactKey: Guid(b0ce898e8d61d44a2b141509e1e6969d) Importer(815301076,1909f56bfc062723c751e8b465ee728b)
Start importing Assets/ML-Agents/Examples/SharedAssets/Prefabs/Symbol_O.prefab using Guid(b0ce898e8d61d44a2b141509e1e6969d) Importer(815301076,1909f56bfc062723c751e8b465ee728b) (PreviewImporter) -> (artifact id: '5683bced04736679f58965fd83ca5567') in 0.0076394 seconds
Number of updated asset objects reloaded before import = 0Number of asset objects unloaded after import = 14

Editor requested this worker to shutdown with reason: Scaling down because of idle timeout
AssetImportWorkerClient::OnTransportError - code=2 error=End of file
AssetImportWorker is now disconnected from the server
Process exiting
Exiting without the bug reporter. Application will terminate with return code 0