Using pre-set license
Built from '2023.2/staging' branch; Version is '2023.2.13f1 (70197a359f36) revision 7346554'; Using compiler version '193431935'; Build Type 'Release'
OS: 'Windows 11  (10.0.22631) 64bit Core' Language: 'en' Physical Memory: 16227 MB
BatchMode: 1, IsHumanControllingUs: 0, StartBugReporterOnCrash: 0, Is64bit: 1, IsPro: 1

COMMAND LINE ARGUMENTS:
C:\Program Files\Unity\Hub\Editor\2023.2.13f1\Editor\Unity.exe
-adb2
-batchMode
-noUpm
-name
AssetImportWorker0
-projectPath
C:/Users/Yanna/Documents/GitHub/MirrorMode/FireEmblemEnvironment
-logFile
Logs/AssetImportWorker0.log
-srvPort
56769
-job-worker-count
9
-background-job-worker-count
8
-asset-garbage-collectors
1
Successfully changed project path to: C:/Users/Yanna/Documents/GitHub/MirrorMode/FireEmblemEnvironment
C:/Users/Yanna/Documents/GitHub/MirrorMode/FireEmblemEnvironment
[UnityMemory] Configuration Parameters - Can be set up in boot.config
    "memorysetup-bucket-allocator-granularity=16"
    "memorysetup-bucket-allocator-bucket-count=8"
    "memorysetup-bucket-allocator-block-size=33554432"
    "memorysetup-bucket-allocator-block-count=8"
    "memorysetup-main-allocator-block-size=16777216"
    "memorysetup-thread-allocator-block-size=16777216"
    "memorysetup-gfx-main-allocator-block-size=16777216"
    "memorysetup-gfx-thread-allocator-block-size=16777216"
    "memorysetup-cache-allocator-block-size=4194304"
    "memorysetup-typetree-allocator-block-size=2097152"
    "memorysetup-profiler-bucket-allocator-granularity=16"
    "memorysetup-profiler-bucket-allocator-bucket-count=8"
    "memorysetup-profiler-bucket-allocator-block-size=33554432"
    "memorysetup-profiler-bucket-allocator-block-count=8"
    "memorysetup-profiler-allocator-block-size=16777216"
    "memorysetup-profiler-editor-allocator-block-size=1048576"
    "memorysetup-temp-allocator-size-main=16777216"
    "memorysetup-job-temp-allocator-block-size=2097152"
    "memorysetup-job-temp-allocator-block-size-background=1048576"
    "memorysetup-job-temp-allocator-reduction-small-platforms=262144"
    "memorysetup-allocator-temp-initial-block-size-main=262144"
    "memorysetup-allocator-temp-initial-block-size-worker=262144"
    "memorysetup-temp-allocator-size-background-worker=32768"
    "memorysetup-temp-allocator-size-job-worker=262144"
    "memorysetup-temp-allocator-size-preload-manager=33554432"
    "memorysetup-temp-allocator-size-nav-mesh-worker=65536"
    "memorysetup-temp-allocator-size-audio-worker=65536"
    "memorysetup-temp-allocator-size-cloud-worker=32768"
    "memorysetup-temp-allocator-size-gi-baking-worker=262144"
    "memorysetup-temp-allocator-size-gi-baking-worker=262144"
    "memorysetup-temp-allocator-size-gi-baking-worker=262144"
    "memorysetup-temp-allocator-size-gi-baking-worker=262144"
    "memorysetup-temp-allocator-size-gfx=262144"
Player connection [6644] Host "[IP] 192.168.1.122 [Port] 0 [Flags] 2 [Guid] 3210303553 [EditorId] 3210303553 [Version] 1048832 [Id] WindowsEditor(7,PCtje) [Debug] 1 [PackageName] WindowsEditor [ProjectName] Editor" joined multi-casting on [225.0.0.222:54997]...
Player connection [6644] Host "[IP] 192.168.1.122 [Port] 0 [Flags] 2 [Guid] 3210303553 [EditorId] 3210303553 [Version] 1048832 [Id] WindowsEditor(7,PCtje) [Debug] 1 [PackageName] WindowsEditor [ProjectName] Editor" joined alternative multi-casting on [225.0.0.222:34997]...
JobSystem: Creating JobQueue using job-worker-count value 9
[Physics::Module] Initialized MultithreadedJobDispatcher with 9 workers.
Library Redirect Path: Library/
Refreshing native plugins compatible for Editor in 2.32 ms, found 5 plugins.
Preloading 0 native plugins for Editor in 0.00 ms.
Initialize engine version: 2023.2.13f1 (70197a359f36)
[Subsystems] Discovering subsystems at path C:/Program Files/Unity/Hub/Editor/2023.2.13f1/Editor/Data/Resources/UnitySubsystems
[Subsystems] Discovering subsystems at path C:/Users/Yanna/Documents/GitHub/MirrorMode/FireEmblemEnvironment/Assets
GfxDevice: creating device client; kGfxThreadingModeNonThreaded
Direct3D:
    Version:  Direct3D 11.0 [level 11.1]
    Renderer: NVIDIA GeForce RTX 3050 OEM (ID=0x2508)
    Vendor:   NVIDIA
    VRAM:     8042 MB
    Driver:   31.0.15.5183
Initialize mono
Mono path[0] = 'C:/Program Files/Unity/Hub/Editor/2023.2.13f1/Editor/Data/Managed'
Mono path[1] = 'C:/Program Files/Unity/Hub/Editor/2023.2.13f1/Editor/Data/MonoBleedingEdge/lib/mono/unityjit-win32'
Mono config path = 'C:/Program Files/Unity/Hub/Editor/2023.2.13f1/Editor/Data/MonoBleedingEdge/etc'
Using monoOptions --debugger-agent=transport=dt_socket,embedding=1,server=y,suspend=n,address=127.0.0.1:56244
Begin MonoManager ReloadAssembly
C:\build\output\Unity-Technologies\mono\mono\metadata\icall.c:1842:
C:\build\output\Unity-Technologies\mono\mono\metadata\icall.c:1842:
C:\build\output\Unity-Technologies\mono\mono\metadata\icall.c:1842:
C:\build\output\Unity-Technologies\mono\mono\metadata\icall.c:1842:
C:\build\output\Unity-Technologies\mono\mono\metadata\icall.c:1842:
C:\build\output\Unity-Technologies\mono\mono\metadata\icall.c:1842:
C:\build\output\Unity-Technologies\mono\mono\metadata\icall.c:1842:
C:\build\output\Unity-Technologies\mono\mono\metadata\icall.c:1842:
C:\build\output\Unity-Technologies\mono\mono\metadata\icall.c:1842:
C:\build\output\Unity-Technologies\mono\mono\metadata\icall.c:1842:
Registering precompiled unity dll's ...
Register platform support module: C:/Program Files/Unity/Hub/Editor/2023.2.13f1/Editor/Data/PlaybackEngines/WindowsStandaloneSupport/UnityEditor.WindowsStandalone.Extensions.dll
Registered in 0.001896 seconds.
- Loaded All Assemblies, in  0.296 seconds
Native extension for WindowsStandalone target not found
Mono: successfully reloaded assembly
C:\build\output\Unity-Technologies\mono\mono\metadata\icall.c:1842:
C:\build\output\Unity-Technologies\mono\mono\metadata\icall.c:1842:
- Finished resetting the current domain, in  0.251 seconds
Domain Reload Profiling: 546ms
	BeginReloadAssembly (98ms)
		ExecutionOrderSort (0ms)
		DisableScriptedObjects (0ms)
		BackupInstance (0ms)
		ReleaseScriptingObjects (0ms)
		CreateAndSetChildDomain (1ms)
	RebuildCommonClasses (28ms)
	RebuildNativeTypeToScriptingClass (10ms)
	initialDomainReloadingComplete (37ms)
	LoadAllAssembliesAndSetupDomain (122ms)
		LoadAssemblies (96ms)
		RebuildTransferFunctionScriptingTraits (0ms)
		AnalyzeDomain (120ms)
			TypeCache.Refresh (119ms)
				TypeCache.ScanAssembly (109ms)
			BuildScriptInfoCaches (0ms)
			ResolveRequiredComponents (0ms)
	FinalizeReload (251ms)
		ReleaseScriptCaches (0ms)
		RebuildScriptCaches (0ms)
		SetupLoadedEditorAssemblies (211ms)
			LogAssemblyErrors (0ms)
			InitializePlatformSupportModulesInManaged (7ms)
			SetLoadedEditorAssemblies (4ms)
			BeforeProcessingInitializeOnLoad (5ms)
			ProcessInitializeOnLoadAttributes (161ms)
			ProcessInitializeOnLoadMethodAttributes (34ms)
			AfterProcessingInitializeOnLoad (0ms)
			EditorAssembliesLoaded (0ms)
		ExecutionOrderSort2 (0ms)
		AwakeInstancesAfterBackupRestoration (0ms)
========================================================================
Worker process is ready to serve import requests
Import Worker Mode flag is 0x00
Begin MonoManager ReloadAssembly
C:\build\output\Unity-Technologies\mono\mono\metadata\icall.c:1842:
C:\build\output\Unity-Technologies\mono\mono\metadata\icall.c:1842:
C:\build\output\Unity-Technologies\mono\mono\metadata\icall.c:1842:
C:\build\output\Unity-Technologies\mono\mono\metadata\icall.c:1842:
C:\build\output\Unity-Technologies\mono\mono\metadata\icall.c:1842:
C:\build\output\Unity-Technologies\mono\mono\metadata\icall.c:1842:
C:\build\output\Unity-Technologies\mono\mono\metadata\icall.c:1842:
C:\build\output\Unity-Technologies\mono\mono\metadata\icall.c:1842:
C:\build\output\Unity-Technologies\mono\mono\metadata\icall.c:1842:
C:\build\output\Unity-Technologies\mono\mono\metadata\icall.c:1842:
C:\build\output\Unity-Technologies\mono\mono\metadata\icall.c:1842:
C:\build\output\Unity-Technologies\mono\mono\metadata\icall.c:1842:
Symbol file LoadedFromMemory doesn't match image C:\Users\Yanna\Documents\GitHub\MirrorMode\FireEmblemEnvironment\Library\PackageCache\com.unity.visualscripting@1.8.0\Editor\VisualScripting.Core\Dependencies\YamlDotNet\Unity.VisualScripting.YamlDotNet.dll
Symbol file LoadedFromMemory doesn't match image C:\Users\Yanna\Documents\GitHub\MirrorMode\FireEmblemEnvironment\Library\PackageCache\com.unity.visualscripting@1.8.0\Editor\VisualScripting.Core\Dependencies\DotNetZip\Unity.VisualScripting.IonicZip.dll
Symbol file LoadedFromMemory is not a mono symbol file
- Loaded All Assemblies, in  0.732 seconds
Refreshing native plugins compatible for Editor in 2.03 ms, found 5 plugins.
Native extension for WindowsStandalone target not found
Mono: successfully reloaded assembly
- Finished resetting the current domain, in  0.551 seconds
Domain Reload Profiling: 1280ms
	BeginReloadAssembly (279ms)
		ExecutionOrderSort (0ms)
		DisableScriptedObjects (5ms)
		BackupInstance (0ms)
		ReleaseScriptingObjects (0ms)
		CreateAndSetChildDomain (26ms)
	RebuildCommonClasses (27ms)
	RebuildNativeTypeToScriptingClass (9ms)
	initialDomainReloadingComplete (34ms)
	LoadAllAssembliesAndSetupDomain (379ms)
		LoadAssemblies (312ms)
		RebuildTransferFunctionScriptingTraits (0ms)
		AnalyzeDomain (154ms)
			TypeCache.Refresh (125ms)
				TypeCache.ScanAssembly (112ms)
			BuildScriptInfoCaches (22ms)
			ResolveRequiredComponents (5ms)
	FinalizeReload (552ms)
		ReleaseScriptCaches (0ms)
		RebuildScriptCaches (0ms)
		SetupLoadedEditorAssemblies (398ms)
			LogAssemblyErrors (0ms)
			InitializePlatformSupportModulesInManaged (2ms)
			SetLoadedEditorAssemblies (4ms)
			BeforeProcessingInitializeOnLoad (44ms)
			ProcessInitializeOnLoadAttributes (271ms)
			ProcessInitializeOnLoadMethodAttributes (73ms)
			AfterProcessingInitializeOnLoad (4ms)
			EditorAssembliesLoaded (0ms)
		ExecutionOrderSort2 (0ms)
		AwakeInstancesAfterBackupRestoration (8ms)
Launched and connected shader compiler UnityShaderCompiler.exe after 0.01 seconds
Refreshing native plugins compatible for Editor in 3.24 ms, found 5 plugins.
Preloading 0 native plugins for Editor in 0.00 ms.
Unloading 128 Unused Serialized files (Serialized files now loaded: 0)
Unloading 4811 unused Assets / (13.2 MB). Loaded Objects now: 5400.
Memory consumption went from 164.7 MB to 151.5 MB.
Total: 8.546000 ms (FindLiveObjects: 0.473300 ms CreateObjectMapping: 0.501100 ms MarkObjects: 3.974200 ms  DeleteObjects: 3.595600 ms)

========================================================================
Received Import Request.
  Time since last request: 3941.255787 seconds.
  path: Assets/Demonstrations/DemosEnv0_14.demo
  artifactKey: Guid(9ab516a0a30989e43af436f4a887e471) Importer(815301076,1909f56bfc062723c751e8b465ee728b)
Start importing Assets/Demonstrations/DemosEnv0_14.demo using Guid(9ab516a0a30989e43af436f4a887e471) Importer(815301076,1909f56bfc062723c751e8b465ee728b) (PreviewImporter) -> (artifact id: 'a4e11b57f983bb9348b844a3c3843f9e') in 0.0249894 seconds
Number of updated asset objects reloaded before import = 0Number of asset objects unloaded after import = 1

========================================================================
Received Import Request.
  Time since last request: 0.000017 seconds.
  path: Assets/Demonstrations/DemosEnv1_6.demo
  artifactKey: Guid(d0eb8cdb62232cf419ce0548c747d8a3) Importer(815301076,1909f56bfc062723c751e8b465ee728b)
Start importing Assets/Demonstrations/DemosEnv1_6.demo using Guid(d0eb8cdb62232cf419ce0548c747d8a3) Importer(815301076,1909f56bfc062723c751e8b465ee728b) (PreviewImporter) -> (artifact id: '1c881e25bb7c0a4572e2aafc8edc0599') in 0.0014363 seconds
Number of updated asset objects reloaded before import = 0Number of asset objects unloaded after import = 1

========================================================================
Received Import Request.
  Time since last request: 0.000086 seconds.
  path: Assets/Demonstrations/DemosEnv0.demo
  artifactKey: Guid(2c94b9d5a552e8a4a866306193a30339) Importer(815301076,1909f56bfc062723c751e8b465ee728b)
Start importing Assets/Demonstrations/DemosEnv0.demo using Guid(2c94b9d5a552e8a4a866306193a30339) Importer(815301076,1909f56bfc062723c751e8b465ee728b) (PreviewImporter) -> (artifact id: '4a88c6bf58652486a435340a5e1e1118') in 0.0013233 seconds
Number of updated asset objects reloaded before import = 0Number of asset objects unloaded after import = 1

========================================================================
Received Import Request.
  Time since last request: 0.000050 seconds.
  path: Assets/Demonstrations/DemosEnv0_24.demo
  artifactKey: Guid(54394a1f8b43efc4092d4884692eeba1) Importer(815301076,1909f56bfc062723c751e8b465ee728b)
Start importing Assets/Demonstrations/DemosEnv0_24.demo using Guid(54394a1f8b43efc4092d4884692eeba1) Importer(815301076,1909f56bfc062723c751e8b465ee728b) (PreviewImporter) -> (artifact id: '770c5fbd97d9a1a0da607f35eb2d2f12') in 0.001909 seconds
Number of updated asset objects reloaded before import = 0Number of asset objects unloaded after import = 1

========================================================================
Received Import Request.
  Time since last request: 0.000019 seconds.
  path: Assets/Demonstrations/DemosEnv1_13.demo
  artifactKey: Guid(eac87e49d64a7d54fb8a137a8ce08d6c) Importer(815301076,1909f56bfc062723c751e8b465ee728b)
Start importing Assets/Demonstrations/DemosEnv1_13.demo using Guid(eac87e49d64a7d54fb8a137a8ce08d6c) Importer(815301076,1909f56bfc062723c751e8b465ee728b) (PreviewImporter) -> (artifact id: '141e16315c586b60dddf91410b172d2f') in 0.0014351 seconds
Number of updated asset objects reloaded before import = 0Number of asset objects unloaded after import = 1

========================================================================
Received Import Request.
  Time since last request: 0.000056 seconds.
  path: Assets/Demonstrations/DemosEnv1_2.demo
  artifactKey: Guid(6177358f7bcfc5b458d7065c69b970d5) Importer(815301076,1909f56bfc062723c751e8b465ee728b)
Start importing Assets/Demonstrations/DemosEnv1_2.demo using Guid(6177358f7bcfc5b458d7065c69b970d5) Importer(815301076,1909f56bfc062723c751e8b465ee728b) (PreviewImporter) -> (artifact id: '5a92b7e04d5756eeac021604cbe52be8') in 0.0017789 seconds
Number of updated asset objects reloaded before import = 0Number of asset objects unloaded after import = 1

========================================================================
Received Import Request.
  Time since last request: 0.000024 seconds.
  path: Assets/Demonstrations/DemosEnv1_14.demo
  artifactKey: Guid(eddb3cd0e1d3eaf42a280f989dc6cc5f) Importer(815301076,1909f56bfc062723c751e8b465ee728b)
Start importing Assets/Demonstrations/DemosEnv1_14.demo using Guid(eddb3cd0e1d3eaf42a280f989dc6cc5f) Importer(815301076,1909f56bfc062723c751e8b465ee728b) (PreviewImporter) -> (artifact id: 'd83243d339ddd3ec09eb3442d52e1c08') in 0.0018759 seconds
Number of updated asset objects reloaded before import = 0Number of asset objects unloaded after import = 1

========================================================================
Received Import Request.
  Time since last request: 0.000019 seconds.
  path: Assets/Demonstrations/DemosEnv2_1.demo
  artifactKey: Guid(ce5502ac41d0b7143b1c3655f279bd29) Importer(815301076,1909f56bfc062723c751e8b465ee728b)
Start importing Assets/Demonstrations/DemosEnv2_1.demo using Guid(ce5502ac41d0b7143b1c3655f279bd29) Importer(815301076,1909f56bfc062723c751e8b465ee728b) (PreviewImporter) -> (artifact id: '154731c7a45740701ad79e8565290f3e') in 0.0014873 seconds
Number of updated asset objects reloaded before import = 0Number of asset objects unloaded after import = 1

========================================================================
Received Import Request.
  Time since last request: 0.000019 seconds.
  path: Assets/Demonstrations/DemosEnv0_16.demo
  artifactKey: Guid(fa5463cb72bd4a84981b1edc27f1d84e) Importer(815301076,1909f56bfc062723c751e8b465ee728b)
Start importing Assets/Demonstrations/DemosEnv0_16.demo using Guid(fa5463cb72bd4a84981b1edc27f1d84e) Importer(815301076,1909f56bfc062723c751e8b465ee728b) (PreviewImporter) -> (artifact id: '36ebcacef67d7af42d2b1da83f186bf4') in 0.0013873 seconds
Number of updated asset objects reloaded before import = 0Number of asset objects unloaded after import = 1

========================================================================
Received Import Request.
  Time since last request: 0.000019 seconds.
  path: Assets/Demonstrations/DemosEnv1_34.demo
  artifactKey: Guid(9c0b371f1a6512e4c9bf10ddcc37e8c5) Importer(815301076,1909f56bfc062723c751e8b465ee728b)
Start importing Assets/Demonstrations/DemosEnv1_34.demo using Guid(9c0b371f1a6512e4c9bf10ddcc37e8c5) Importer(815301076,1909f56bfc062723c751e8b465ee728b) (PreviewImporter) -> (artifact id: '3801eb45472d9f31ed3ba477fd522ea8') in 0.0014044 seconds
Number of updated asset objects reloaded before import = 0Number of asset objects unloaded after import = 1

========================================================================
Received Import Request.
  Time since last request: 0.000036 seconds.
  path: Assets/Demonstrations/DemosEnv1_30.demo
  artifactKey: Guid(8a3620daf5ae9a343a85d30d9ca923c6) Importer(815301076,1909f56bfc062723c751e8b465ee728b)
Start importing Assets/Demonstrations/DemosEnv1_30.demo using Guid(8a3620daf5ae9a343a85d30d9ca923c6) Importer(815301076,1909f56bfc062723c751e8b465ee728b) (PreviewImporter) -> (artifact id: 'b976ae1bb745076d43dd9c0efed7f31f') in 0.0014155 seconds
Number of updated asset objects reloaded before import = 0Number of asset objects unloaded after import = 1

========================================================================
Received Import Request.
  Time since last request: 0.000066 seconds.
  path: Assets/Demonstrations/DemosEnv1_15.demo
  artifactKey: Guid(2881f19bf29587846a7b39a17f70cab9) Importer(815301076,1909f56bfc062723c751e8b465ee728b)
Start importing Assets/Demonstrations/DemosEnv1_15.demo using Guid(2881f19bf29587846a7b39a17f70cab9) Importer(815301076,1909f56bfc062723c751e8b465ee728b) (PreviewImporter) -> (artifact id: '35472c5f72edb54dc0e8b453a457f0ad') in 0.0013594 seconds
Number of updated asset objects reloaded before import = 0Number of asset objects unloaded after import = 1

========================================================================
Received Import Request.
  Time since last request: 0.000021 seconds.
  path: Assets/Demonstrations/DemosEnv2_0.demo
  artifactKey: Guid(a84129bb3729ad54c9a9001f541e5930) Importer(815301076,1909f56bfc062723c751e8b465ee728b)
Start importing Assets/Demonstrations/DemosEnv2_0.demo using Guid(a84129bb3729ad54c9a9001f541e5930) Importer(815301076,1909f56bfc062723c751e8b465ee728b) (PreviewImporter) -> (artifact id: 'ca41cad4f0b4482c131dc54077e05871') in 0.0012694 seconds
Number of updated asset objects reloaded before import = 0Number of asset objects unloaded after import = 1

========================================================================
Received Import Request.
  Time since last request: 0.000015 seconds.
  path: Assets/Demonstrations/DemosEnv1_33.demo
  artifactKey: Guid(0e2e96ea1d0490249975317042f7a70d) Importer(815301076,1909f56bfc062723c751e8b465ee728b)
Start importing Assets/Demonstrations/DemosEnv1_33.demo using Guid(0e2e96ea1d0490249975317042f7a70d) Importer(815301076,1909f56bfc062723c751e8b465ee728b) (PreviewImporter) -> (artifact id: '3ba938f6f916782bd447c2c610f0d2fb') in 0.0012881 seconds
Number of updated asset objects reloaded before import = 0Number of asset objects unloaded after import = 1

========================================================================
Received Import Request.
  Time since last request: 0.000014 seconds.
  path: Assets/Demonstrations/DemosEnv1_9.demo
  artifactKey: Guid(6e088ed134a595e48bece06c82253bd2) Importer(815301076,1909f56bfc062723c751e8b465ee728b)
Start importing Assets/Demonstrations/DemosEnv1_9.demo using Guid(6e088ed134a595e48bece06c82253bd2) Importer(815301076,1909f56bfc062723c751e8b465ee728b) (PreviewImporter) -> (artifact id: '6ca9d8e46116d6a770dfbe3bdecc2c86') in 0.0015974 seconds
Number of updated asset objects reloaded before import = 0Number of asset objects unloaded after import = 1

========================================================================
Received Import Request.
  Time since last request: 0.000025 seconds.
  path: Assets/Demonstrations/DemosEnv0_4.demo
  artifactKey: Guid(a7b9fca01763f9847a494d461c13de14) Importer(815301076,1909f56bfc062723c751e8b465ee728b)
Start importing Assets/Demonstrations/DemosEnv0_4.demo using Guid(a7b9fca01763f9847a494d461c13de14) Importer(815301076,1909f56bfc062723c751e8b465ee728b) (PreviewImporter) -> (artifact id: '139de5222d4e6647956c29fbd99fc462') in 0.0015966 seconds
Number of updated asset objects reloaded before import = 0Number of asset objects unloaded after import = 1

========================================================================
Received Import Request.
  Time since last request: 0.000016 seconds.
  path: Assets/Demonstrations/DemosEnv1_22.demo
  artifactKey: Guid(b2b00a028de89444c8bfcb4a4c12e725) Importer(815301076,1909f56bfc062723c751e8b465ee728b)
Start importing Assets/Demonstrations/DemosEnv1_22.demo using Guid(b2b00a028de89444c8bfcb4a4c12e725) Importer(815301076,1909f56bfc062723c751e8b465ee728b) (PreviewImporter) -> (artifact id: '672b74c33db2c6ede7b5e653d5e79458') in 0.0013334 seconds
Number of updated asset objects reloaded before import = 0Number of asset objects unloaded after import = 1

========================================================================
Received Import Request.
  Time since last request: 0.000023 seconds.
  path: Assets/Demonstrations/DemosEnv1_7.demo
  artifactKey: Guid(9e50fef793a375f4bb65cc6857c02548) Importer(815301076,1909f56bfc062723c751e8b465ee728b)
Start importing Assets/Demonstrations/DemosEnv1_7.demo using Guid(9e50fef793a375f4bb65cc6857c02548) Importer(815301076,1909f56bfc062723c751e8b465ee728b) (PreviewImporter) -> (artifact id: '49fc167d6fdfebc824657320cd82e8f4') in 0.0011222 seconds
Number of updated asset objects reloaded before import = 0Number of asset objects unloaded after import = 1

========================================================================
Received Import Request.
  Time since last request: 0.000013 seconds.
  path: Assets/Demonstrations/DemosEnv0_21.demo
  artifactKey: Guid(6a86f8a46c1b32a4c8d04b74d442fc17) Importer(815301076,1909f56bfc062723c751e8b465ee728b)
Start importing Assets/Demonstrations/DemosEnv0_21.demo using Guid(6a86f8a46c1b32a4c8d04b74d442fc17) Importer(815301076,1909f56bfc062723c751e8b465ee728b) (PreviewImporter) -> (artifact id: '901ec3015e7fe975e634f02c77504943') in 0.0010072 seconds
Number of updated asset objects reloaded before import = 0Number of asset objects unloaded after import = 1

========================================================================
Received Import Request.
  Time since last request: 0.000025 seconds.
  path: Assets/Demonstrations/DemosEnv1_16.demo
  artifactKey: Guid(f79fbeb4a22c71b44b8623c781d7473c) Importer(815301076,1909f56bfc062723c751e8b465ee728b)
Start importing Assets/Demonstrations/DemosEnv1_16.demo using Guid(f79fbeb4a22c71b44b8623c781d7473c) Importer(815301076,1909f56bfc062723c751e8b465ee728b) (PreviewImporter) -> (artifact id: '24dcb521e3bcce6d52c11acc81b74c9d') in 0.001223 seconds
Number of updated asset objects reloaded before import = 0Number of asset objects unloaded after import = 1

========================================================================
Received Import Request.
  Time since last request: 0.000026 seconds.
  path: Assets/Demonstrations/DemosEnv0_11.demo
  artifactKey: Guid(5dd1dafaa1575ac4f982d563938dea8f) Importer(815301076,1909f56bfc062723c751e8b465ee728b)
Start importing Assets/Demonstrations/DemosEnv0_11.demo using Guid(5dd1dafaa1575ac4f982d563938dea8f) Importer(815301076,1909f56bfc062723c751e8b465ee728b) (PreviewImporter) -> (artifact id: '34a15d971e36cb59bbe77e28a908f9cb') in 0.0012261 seconds
Number of updated asset objects reloaded before import = 0Number of asset objects unloaded after import = 1

========================================================================
Received Import Request.
  Time since last request: 0.000014 seconds.
  path: Assets/Demonstrations/DemosEnv1_5.demo
  artifactKey: Guid(b7f44ed985b66204288e1137f1ee015d) Importer(815301076,1909f56bfc062723c751e8b465ee728b)
Start importing Assets/Demonstrations/DemosEnv1_5.demo using Guid(b7f44ed985b66204288e1137f1ee015d) Importer(815301076,1909f56bfc062723c751e8b465ee728b) (PreviewImporter) -> (artifact id: 'fd8198dce6a5b42c7927a7d6cd2fb4ba') in 0.0012603 seconds
Number of updated asset objects reloaded before import = 0Number of asset objects unloaded after import = 1

========================================================================
Received Import Request.
  Time since last request: 0.000013 seconds.
  path: Assets/Demonstrations/DemosEnv0_32.demo
  artifactKey: Guid(b29914c2732953b42bc5df721ce4e0c5) Importer(815301076,1909f56bfc062723c751e8b465ee728b)
Start importing Assets/Demonstrations/DemosEnv0_32.demo using Guid(b29914c2732953b42bc5df721ce4e0c5) Importer(815301076,1909f56bfc062723c751e8b465ee728b) (PreviewImporter) -> (artifact id: 'ed1f1a989eff727cc44b728606617e43') in 0.0012158 seconds
Number of updated asset objects reloaded before import = 0Number of asset objects unloaded after import = 1

========================================================================
Received Import Request.
  Time since last request: 0.000015 seconds.
  path: Assets/Demonstrations/DemosEnv1_4.demo
  artifactKey: Guid(d1f0d12f4256a4d4d9f5348183c42cc6) Importer(815301076,1909f56bfc062723c751e8b465ee728b)
Start importing Assets/Demonstrations/DemosEnv1_4.demo using Guid(d1f0d12f4256a4d4d9f5348183c42cc6) Importer(815301076,1909f56bfc062723c751e8b465ee728b) (PreviewImporter) -> (artifact id: 'c290d289e3609e2523fba524bafffacb') in 0.0012522 seconds
Number of updated asset objects reloaded before import = 0Number of asset objects unloaded after import = 1

========================================================================
Received Import Request.
  Time since last request: 0.000015 seconds.
  path: Assets/Demonstrations/DemosEnv0_7.demo
  artifactKey: Guid(eacb8ec6e3b533c42b63db2ae20fc71e) Importer(815301076,1909f56bfc062723c751e8b465ee728b)
Start importing Assets/Demonstrations/DemosEnv0_7.demo using Guid(eacb8ec6e3b533c42b63db2ae20fc71e) Importer(815301076,1909f56bfc062723c751e8b465ee728b) (PreviewImporter) -> (artifact id: '253daf3bda3ec4f33d467ba0bb86ae37') in 0.0014562 seconds
Number of updated asset objects reloaded before import = 0Number of asset objects unloaded after import = 1

========================================================================
Received Import Request.
  Time since last request: 0.000016 seconds.
  path: Assets/Demonstrations/DemosEnv1.demo
  artifactKey: Guid(c77635fcbd7207e4d82a9ad537545cfd) Importer(815301076,1909f56bfc062723c751e8b465ee728b)
Start importing Assets/Demonstrations/DemosEnv1.demo using Guid(c77635fcbd7207e4d82a9ad537545cfd) Importer(815301076,1909f56bfc062723c751e8b465ee728b) (PreviewImporter) -> (artifact id: '1c023b8404f3fd893ac66763d477948c') in 0.0013524 seconds
Number of updated asset objects reloaded before import = 0Number of asset objects unloaded after import = 1

========================================================================
Received Import Request.
  Time since last request: 0.000019 seconds.
  path: Assets/Demonstrations/DemosEnv0_2.demo
  artifactKey: Guid(171f8454a2e821e41b8bab36662ea823) Importer(815301076,1909f56bfc062723c751e8b465ee728b)
Start importing Assets/Demonstrations/DemosEnv0_2.demo using Guid(171f8454a2e821e41b8bab36662ea823) Importer(815301076,1909f56bfc062723c751e8b465ee728b) (PreviewImporter) -> (artifact id: '51e6dc3b53035554a1ee746cf30aedbc') in 0.0013191 seconds
Number of updated asset objects reloaded before import = 0Number of asset objects unloaded after import = 1

========================================================================
Received Import Request.
  Time since last request: 0.000016 seconds.
  path: Assets/Demonstrations/DemosEnv0_27.demo
  artifactKey: Guid(ae2a272203cfea042bae07162bad689f) Importer(815301076,1909f56bfc062723c751e8b465ee728b)
Start importing Assets/Demonstrations/DemosEnv0_27.demo using Guid(ae2a272203cfea042bae07162bad689f) Importer(815301076,1909f56bfc062723c751e8b465ee728b) (PreviewImporter) -> (artifact id: 'db237f5945cbb70c48171e27da718784') in 0.0012101 seconds
Number of updated asset objects reloaded before import = 0Number of asset objects unloaded after import = 1

========================================================================
Received Import Request.
  Time since last request: 0.000016 seconds.
  path: Assets/Demonstrations/DemosEnv1_32.demo
  artifactKey: Guid(1066bca6d8223c1478c992bb17fd44b0) Importer(815301076,1909f56bfc062723c751e8b465ee728b)
Start importing Assets/Demonstrations/DemosEnv1_32.demo using Guid(1066bca6d8223c1478c992bb17fd44b0) Importer(815301076,1909f56bfc062723c751e8b465ee728b) (PreviewImporter) -> (artifact id: '2d5d7ab56c180d0705ff158e635842ee') in 0.0012784 seconds
Number of updated asset objects reloaded before import = 0Number of asset objects unloaded after import = 1

========================================================================
Received Import Request.
  Time since last request: 0.000014 seconds.
  path: Assets/Demonstrations/DemosEnv1_10.demo
  artifactKey: Guid(4ea13977597385341986665af8ddeec3) Importer(815301076,1909f56bfc062723c751e8b465ee728b)
Start importing Assets/Demonstrations/DemosEnv1_10.demo using Guid(4ea13977597385341986665af8ddeec3) Importer(815301076,1909f56bfc062723c751e8b465ee728b) (PreviewImporter) -> (artifact id: 'dcc3b4f5ae6c155d2c69d36302ca7289') in 0.0012959 seconds
Number of updated asset objects reloaded before import = 0Number of asset objects unloaded after import = 1

========================================================================
Received Import Request.
  Time since last request: 0.000020 seconds.
  path: Assets/Demonstrations/DemosEnv2_3.demo
  artifactKey: Guid(2ac8ec947648d3c4cb43ced1b1fcee55) Importer(815301076,1909f56bfc062723c751e8b465ee728b)
Start importing Assets/Demonstrations/DemosEnv2_3.demo using Guid(2ac8ec947648d3c4cb43ced1b1fcee55) Importer(815301076,1909f56bfc062723c751e8b465ee728b) (PreviewImporter) -> (artifact id: '4d0139071d0e689e20ac6cec8b0f6c20') in 0.0016766 seconds
Number of updated asset objects reloaded before import = 0Number of asset objects unloaded after import = 1

========================================================================
Received Import Request.
  Time since last request: 0.000017 seconds.
  path: Assets/Demonstrations/DemosEnv2_5.demo
  artifactKey: Guid(f38b0be02d16c704988b03d2d2381041) Importer(815301076,1909f56bfc062723c751e8b465ee728b)
Start importing Assets/Demonstrations/DemosEnv2_5.demo using Guid(f38b0be02d16c704988b03d2d2381041) Importer(815301076,1909f56bfc062723c751e8b465ee728b) (PreviewImporter) -> (artifact id: '0c3e28a838376aceb8d789e3927c02b8') in 0.0016192 seconds
Number of updated asset objects reloaded before import = 0Number of asset objects unloaded after import = 1

========================================================================
Received Import Request.
  Time since last request: 0.000013 seconds.
  path: Assets/Demonstrations/DemosEnv0_15.demo
  artifactKey: Guid(1c7dfa118afcca94096a17be2a821f57) Importer(815301076,1909f56bfc062723c751e8b465ee728b)
Start importing Assets/Demonstrations/DemosEnv0_15.demo using Guid(1c7dfa118afcca94096a17be2a821f57) Importer(815301076,1909f56bfc062723c751e8b465ee728b) (PreviewImporter) -> (artifact id: 'a84dd016a75a77cce93dd60186317c82') in 0.0011306 seconds
Number of updated asset objects reloaded before import = 0Number of asset objects unloaded after import = 1

========================================================================
Received Prepare
Begin MonoManager ReloadAssembly
C:\build\output\Unity-Technologies\mono\mono\metadata\icall.c:1842:
C:\build\output\Unity-Technologies\mono\mono\metadata\icall.c:1842:
C:\build\output\Unity-Technologies\mono\mono\metadata\icall.c:1842:
C:\build\output\Unity-Technologies\mono\mono\metadata\icall.c:1842:
C:\build\output\Unity-Technologies\mono\mono\metadata\icall.c:1842:
C:\build\output\Unity-Technologies\mono\mono\metadata\icall.c:1842:
C:\build\output\Unity-Technologies\mono\mono\metadata\icall.c:1842:
C:\build\output\Unity-Technologies\mono\mono\metadata\icall.c:1842:
C:\build\output\Unity-Technologies\mono\mono\metadata\icall.c:1842:
C:\build\output\Unity-Technologies\mono\mono\metadata\icall.c:1842:
C:\build\output\Unity-Technologies\mono\mono\metadata\icall.c:1842:
C:\build\output\Unity-Technologies\mono\mono\metadata\icall.c:1842:
Symbol file LoadedFromMemory doesn't match image C:\Users\Yanna\Documents\GitHub\MirrorMode\FireEmblemEnvironment\Library\PackageCache\com.unity.visualscripting@1.8.0\Editor\VisualScripting.Core\Dependencies\YamlDotNet\Unity.VisualScripting.YamlDotNet.dll
Symbol file LoadedFromMemory doesn't match image C:\Users\Yanna\Documents\GitHub\MirrorMode\FireEmblemEnvironment\Library\PackageCache\com.unity.visualscripting@1.8.0\Editor\VisualScripting.Core\Dependencies\DotNetZip\Unity.VisualScripting.IonicZip.dll
Symbol file LoadedFromMemory is not a mono symbol file
- Loaded All Assemblies, in  1.372 seconds
Refreshing native plugins compatible for Editor in 3.18 ms, found 5 plugins.
Native extension for WindowsStandalone target not found
Mono: successfully reloaded assembly
- Finished resetting the current domain, in  0.557 seconds
Domain Reload Profiling: 1897ms
	BeginReloadAssembly (432ms)
		ExecutionOrderSort (0ms)
		DisableScriptedObjects (15ms)
		BackupInstance (0ms)
		ReleaseScriptingObjects (0ms)
		CreateAndSetChildDomain (69ms)
	RebuildCommonClasses (75ms)
	RebuildNativeTypeToScriptingClass (19ms)
	initialDomainReloadingComplete (78ms)
	LoadAllAssembliesAndSetupDomain (735ms)
		LoadAssemblies (771ms)
		RebuildTransferFunctionScriptingTraits (0ms)
		AnalyzeDomain (236ms)
			TypeCache.Refresh (9ms)
				TypeCache.ScanAssembly (0ms)
			BuildScriptInfoCaches (216ms)
			ResolveRequiredComponents (8ms)
	FinalizeReload (557ms)
		ReleaseScriptCaches (0ms)
		RebuildScriptCaches (0ms)
		SetupLoadedEditorAssemblies (352ms)
			LogAssemblyErrors (0ms)
			InitializePlatformSupportModulesInManaged (2ms)
			SetLoadedEditorAssemblies (4ms)
			BeforeProcessingInitializeOnLoad (46ms)
			ProcessInitializeOnLoadAttributes (234ms)
			ProcessInitializeOnLoadMethodAttributes (64ms)
			AfterProcessingInitializeOnLoad (3ms)
			EditorAssembliesLoaded (0ms)
		ExecutionOrderSort2 (0ms)
		AwakeInstancesAfterBackupRestoration (8ms)
Refreshing native plugins compatible for Editor in 1.43 ms, found 5 plugins.
Preloading 0 native plugins for Editor in 0.00 ms.
Unloading 39 Unused Serialized files (Serialized files now loaded: 0)
Unloading 4809 unused Assets / (11.2 MB). Loaded Objects now: 5407.
Memory consumption went from 146.5 MB to 135.3 MB.
Total: 5.744700 ms (FindLiveObjects: 0.379500 ms CreateObjectMapping: 0.279000 ms MarkObjects: 3.187400 ms  DeleteObjects: 1.897500 ms)

Prepare: number of updated asset objects reloaded= 0
Editor requested this worker to shutdown with reason: Scaling down because of idle timeout
AssetImportWorkerClient::OnTransportError - code=2 error=End of file
AssetImportWorker is now disconnected from the server
Process exiting
Exiting without the bug reporter. Application will terminate with return code 0